18:45:04.619 logback-spring [main] INFO  com.chinahitech.shop.ShopApplication - Starting ShopApplication using Java 17.0.4.1 on minislother with PID 6648 (D:\java program\club_springboot\target\classes started by 树懒 in D:\java program\club_springboot)
18:45:04.624 logback-spring [main] INFO  com.chinahitech.shop.ShopApplication - No active profile set, falling back to default profiles: default
18:45:05.103 logback-spring [main] INFO  o.s.d.r.c.RepositoryConfigurationDelegate - Multiple Spring Data modules found, entering strict repository configuration mode!
18:45:05.105 logback-spring [main] INFO  o.s.d.r.c.RepositoryConfigurationDelegate - Bootstrapping Spring Data Redis repositories in DEFAULT mode.
18:45:05.138 logback-spring [main] INFO  o.s.d.r.c.RepositoryConfigurationDelegate - Finished Spring Data repository scanning in 10 ms. Found 0 Redis repository interfaces.
18:45:05.680 logback-spring [main] INFO  o.s.b.w.e.tomcat.TomcatWebServer - Tomcat initialized with port(s): 8081 (http)
18:45:05.685 logback-spring [main] INFO  o.a.coyote.http11.Http11NioProtocol - Initializing ProtocolHandler ["http-nio-8081"]
18:45:05.686 logback-spring [main] INFO  o.a.catalina.core.StandardService - Starting service [Tomcat]
18:45:05.686 logback-spring [main] INFO  o.a.catalina.core.StandardEngine - Starting Servlet engine: [Apache Tomcat/9.0.50]
18:45:05.744 logback-spring [main] INFO  o.a.c.c.C.[Tomcat].[localhost].[/] - Initializing Spring embedded WebApplicationContext
18:45:05.744 logback-spring [main] INFO  o.s.b.w.s.c.ServletWebServerApplicationContext - Root WebApplicationContext: initialization completed in 1078 ms
18:45:06.893 logback-spring [main] INFO  o.a.coyote.http11.Http11NioProtocol - Starting ProtocolHandler ["http-nio-8081"]
18:45:06.922 logback-spring [main] INFO  o.s.b.w.e.tomcat.TomcatWebServer - Tomcat started on port(s): 8081 (http) with context path ''
18:45:06.933 logback-spring [main] INFO  com.chinahitech.shop.ShopApplication - Started ShopApplication in 2.604 seconds (JVM running for 3.081)
18:45:06.935 logback-spring [main] INFO  com.chinahitech.shop.ShopApplication - 启动成功！！
18:45:06.936 logback-spring [main] INFO  com.chinahitech.shop.ShopApplication - 测试地址: 	http://127.0.0.1:8081/hello
18:45:28.737 logback-spring [http-nio-8081-exec-4] INFO  o.a.c.c.C.[Tomcat].[localhost].[/] - Initializing Spring DispatcherServlet 'dispatcherServlet'
18:45:28.737 logback-spring [http-nio-8081-exec-4] INFO  o.s.web.servlet.DispatcherServlet - Initializing Servlet 'dispatcherServlet'
18:45:28.739 logback-spring [http-nio-8081-exec-4] INFO  o.s.web.servlet.DispatcherServlet - Completed initialization in 1 ms
18:45:28.757 logback-spring [http-nio-8081-exec-4] INFO  com.chinahitech.shop.aop.LogAspect - ------------- 开始 -------------
18:45:28.757 logback-spring [http-nio-8081-exec-4] INFO  com.chinahitech.shop.aop.LogAspect - 请求地址: http://localhost:8081/individualGroup/getGroupMembers POST
18:45:28.757 logback-spring [http-nio-8081-exec-4] INFO  com.chinahitech.shop.aop.LogAspect - 类名方法: com.chinahitech.shop.controller.IndividualGroupController.getGroupMembers
18:45:28.757 logback-spring [http-nio-8081-exec-4] INFO  com.chinahitech.shop.aop.LogAspect - 远程地址: 0:0:0:0:0:0:0:1
18:45:28.788 logback-spring [http-nio-8081-exec-4] INFO  com.chinahitech.shop.aop.LogAspect - 请求参数: []
18:45:29.172 logback-spring [http-nio-8081-exec-4] INFO  com.zaxxer.hikari.HikariDataSource - HikariPool-1 - Starting...
18:45:29.387 logback-spring [http-nio-8081-exec-4] INFO  com.zaxxer.hikari.HikariDataSource - HikariPool-1 - Start completed.
18:45:29.473 logback-spring [http-nio-8081-exec-4] INFO  com.chinahitech.shop.aop.LogAspect - 返回结果: {"code":20000,"data":{"items":[{"count":1,"groupId":1,"groupName":"足球社"},{"count":1,"groupId":2,"groupName":"飞盘社"},{"count":1,"groupId":3,"groupName":"文学社"},{"count":1,"groupId":4,"groupName":"说唱社"}]},"message":"成功","success":true}
18:45:29.473 logback-spring [http-nio-8081-exec-4] INFO  com.chinahitech.shop.aop.LogAspect - ------------- 结束 耗时：716 ms -------------
18:45:36.971 logback-spring [SpringApplicationShutdownHook] INFO  com.zaxxer.hikari.HikariDataSource - HikariPool-1 - Shutdown initiated...
18:45:36.976 logback-spring [SpringApplicationShutdownHook] INFO  com.zaxxer.hikari.HikariDataSource - HikariPool-1 - Shutdown completed.
18:47:33.949 logback-spring [main] INFO  com.chinahitech.shop.ShopApplication - Starting ShopApplication using Java 17.0.4.1 on minislother with PID 8012 (D:\java program\club_springboot\target\classes started by 树懒 in D:\java program\club_springboot)
18:47:33.949 logback-spring [main] INFO  com.chinahitech.shop.ShopApplication - No active profile set, falling back to default profiles: default
18:47:34.374 logback-spring [main] INFO  o.s.d.r.c.RepositoryConfigurationDelegate - Multiple Spring Data modules found, entering strict repository configuration mode!
18:47:34.376 logback-spring [main] INFO  o.s.d.r.c.RepositoryConfigurationDelegate - Bootstrapping Spring Data Redis repositories in DEFAULT mode.
18:47:34.395 logback-spring [main] INFO  o.s.d.r.c.RepositoryConfigurationDelegate - Finished Spring Data repository scanning in 9 ms. Found 0 Redis repository interfaces.
18:47:34.913 logback-spring [main] INFO  o.s.b.w.e.tomcat.TomcatWebServer - Tomcat initialized with port(s): 8081 (http)
18:47:34.918 logback-spring [main] INFO  o.a.coyote.http11.Http11NioProtocol - Initializing ProtocolHandler ["http-nio-8081"]
18:47:34.919 logback-spring [main] INFO  o.a.catalina.core.StandardService - Starting service [Tomcat]
18:47:34.919 logback-spring [main] INFO  o.a.catalina.core.StandardEngine - Starting Servlet engine: [Apache Tomcat/9.0.50]
18:47:34.980 logback-spring [main] INFO  o.a.c.c.C.[Tomcat].[localhost].[/] - Initializing Spring embedded WebApplicationContext
18:47:34.981 logback-spring [main] INFO  o.s.b.w.s.c.ServletWebServerApplicationContext - Root WebApplicationContext: initialization completed in 1005 ms
18:47:36.144 logback-spring [main] INFO  o.a.coyote.http11.Http11NioProtocol - Starting ProtocolHandler ["http-nio-8081"]
18:47:36.172 logback-spring [main] INFO  o.s.b.w.e.tomcat.TomcatWebServer - Tomcat started on port(s): 8081 (http) with context path ''
18:47:36.184 logback-spring [main] INFO  com.chinahitech.shop.ShopApplication - Started ShopApplication in 2.53 seconds (JVM running for 2.979)
18:47:36.186 logback-spring [main] INFO  com.chinahitech.shop.ShopApplication - 启动成功！！
18:47:36.186 logback-spring [main] INFO  com.chinahitech.shop.ShopApplication - 测试地址: 	http://127.0.0.1:8081/hello
18:53:28.976 logback-spring [main] INFO  com.chinahitech.shop.ShopApplication - Starting ShopApplication using Java 17.0.4.1 on minislother with PID 18156 (D:\java program\club_springboot\target\classes started by 树懒 in D:\java program\club_springboot)
18:53:28.978 logback-spring [main] INFO  com.chinahitech.shop.ShopApplication - No active profile set, falling back to default profiles: default
18:53:29.573 logback-spring [main] INFO  o.s.d.r.c.RepositoryConfigurationDelegate - Multiple Spring Data modules found, entering strict repository configuration mode!
18:53:29.575 logback-spring [main] INFO  o.s.d.r.c.RepositoryConfigurationDelegate - Bootstrapping Spring Data Redis repositories in DEFAULT mode.
18:53:29.600 logback-spring [main] INFO  o.s.d.r.c.RepositoryConfigurationDelegate - Finished Spring Data repository scanning in 12 ms. Found 0 Redis repository interfaces.
18:53:30.266 logback-spring [main] INFO  o.s.b.w.e.tomcat.TomcatWebServer - Tomcat initialized with port(s): 8081 (http)
18:53:30.274 logback-spring [main] INFO  o.a.coyote.http11.Http11NioProtocol - Initializing ProtocolHandler ["http-nio-8081"]
18:53:30.275 logback-spring [main] INFO  o.a.catalina.core.StandardService - Starting service [Tomcat]
18:53:30.275 logback-spring [main] INFO  o.a.catalina.core.StandardEngine - Starting Servlet engine: [Apache Tomcat/9.0.50]
18:53:30.353 logback-spring [main] INFO  o.a.c.c.C.[Tomcat].[localhost].[/] - Initializing Spring embedded WebApplicationContext
18:53:30.353 logback-spring [main] INFO  o.s.b.w.s.c.ServletWebServerApplicationContext - Root WebApplicationContext: initialization completed in 1318 ms
18:53:31.694 logback-spring [main] INFO  o.a.coyote.http11.Http11NioProtocol - Starting ProtocolHandler ["http-nio-8081"]
18:53:31.727 logback-spring [main] INFO  o.s.b.w.e.tomcat.TomcatWebServer - Tomcat started on port(s): 8081 (http) with context path ''
18:53:31.739 logback-spring [main] INFO  com.chinahitech.shop.ShopApplication - Started ShopApplication in 3.178 seconds (JVM running for 3.782)
18:53:31.742 logback-spring [main] INFO  com.chinahitech.shop.ShopApplication - 启动成功！！
18:53:31.743 logback-spring [main] INFO  com.chinahitech.shop.ShopApplication - 测试地址: 	http://127.0.0.1:8081/hello
18:53:33.729 logback-spring [http-nio-8081-exec-1] INFO  o.a.c.c.C.[Tomcat].[localhost].[/] - Initializing Spring DispatcherServlet 'dispatcherServlet'
18:53:33.729 logback-spring [http-nio-8081-exec-1] INFO  o.s.web.servlet.DispatcherServlet - Initializing Servlet 'dispatcherServlet'
18:53:33.733 logback-spring [http-nio-8081-exec-1] INFO  o.s.web.servlet.DispatcherServlet - Completed initialization in 1 ms
18:56:35.073 logback-spring [main] INFO  com.chinahitech.shop.ShopApplication - Starting ShopApplication using Java 17.0.4.1 on minislother with PID 2176 (D:\java program\club_springboot\target\classes started by 树懒 in D:\java program\club_springboot)
18:56:35.079 logback-spring [main] INFO  com.chinahitech.shop.ShopApplication - No active profile set, falling back to default profiles: default
18:56:35.520 logback-spring [main] INFO  o.s.d.r.c.RepositoryConfigurationDelegate - Multiple Spring Data modules found, entering strict repository configuration mode!
18:56:35.522 logback-spring [main] INFO  o.s.d.r.c.RepositoryConfigurationDelegate - Bootstrapping Spring Data Redis repositories in DEFAULT mode.
18:56:35.540 logback-spring [main] INFO  o.s.d.r.c.RepositoryConfigurationDelegate - Finished Spring Data repository scanning in 8 ms. Found 0 Redis repository interfaces.
18:56:36.081 logback-spring [main] INFO  o.s.b.w.e.tomcat.TomcatWebServer - Tomcat initialized with port(s): 8081 (http)
18:56:36.088 logback-spring [main] INFO  o.a.coyote.http11.Http11NioProtocol - Initializing ProtocolHandler ["http-nio-8081"]
18:56:36.088 logback-spring [main] INFO  o.a.catalina.core.StandardService - Starting service [Tomcat]
18:56:36.088 logback-spring [main] INFO  o.a.catalina.core.StandardEngine - Starting Servlet engine: [Apache Tomcat/9.0.50]
18:56:36.153 logback-spring [main] INFO  o.a.c.c.C.[Tomcat].[localhost].[/] - Initializing Spring embedded WebApplicationContext
18:56:36.154 logback-spring [main] INFO  o.s.b.w.s.c.ServletWebServerApplicationContext - Root WebApplicationContext: initialization completed in 1032 ms
18:56:37.370 logback-spring [main] INFO  o.a.coyote.http11.Http11NioProtocol - Starting ProtocolHandler ["http-nio-8081"]
18:56:37.398 logback-spring [main] INFO  o.s.b.w.e.tomcat.TomcatWebServer - Tomcat started on port(s): 8081 (http) with context path ''
18:56:37.409 logback-spring [main] INFO  com.chinahitech.shop.ShopApplication - Started ShopApplication in 2.666 seconds (JVM running for 3.163)
18:56:37.411 logback-spring [main] INFO  com.chinahitech.shop.ShopApplication - 启动成功！！
18:56:37.411 logback-spring [main] INFO  com.chinahitech.shop.ShopApplication - 测试地址: 	http://127.0.0.1:8081/student/login
18:56:45.603 logback-spring [http-nio-8081-exec-1] INFO  o.a.c.c.C.[Tomcat].[localhost].[/] - Initializing Spring DispatcherServlet 'dispatcherServlet'
18:56:45.603 logback-spring [http-nio-8081-exec-1] INFO  o.s.web.servlet.DispatcherServlet - Initializing Servlet 'dispatcherServlet'
18:56:45.606 logback-spring [http-nio-8081-exec-1] INFO  o.s.web.servlet.DispatcherServlet - Completed initialization in 2 ms
18:57:59.995 logback-spring [main] INFO  com.chinahitech.shop.ShopApplication - Starting ShopApplication using Java 17.0.4.1 on minislother with PID 8944 (D:\java program\club_springboot\target\classes started by 树懒 in D:\java program\club_springboot)
18:57:59.995 logback-spring [main] INFO  com.chinahitech.shop.ShopApplication - No active profile set, falling back to default profiles: default
18:58:00.447 logback-spring [main] INFO  o.s.d.r.c.RepositoryConfigurationDelegate - Multiple Spring Data modules found, entering strict repository configuration mode!
18:58:00.449 logback-spring [main] INFO  o.s.d.r.c.RepositoryConfigurationDelegate - Bootstrapping Spring Data Redis repositories in DEFAULT mode.
18:58:00.468 logback-spring [main] INFO  o.s.d.r.c.RepositoryConfigurationDelegate - Finished Spring Data repository scanning in 8 ms. Found 0 Redis repository interfaces.
18:58:00.993 logback-spring [main] INFO  o.s.b.w.e.tomcat.TomcatWebServer - Tomcat initialized with port(s): 8081 (http)
18:58:00.999 logback-spring [main] INFO  o.a.coyote.http11.Http11NioProtocol - Initializing ProtocolHandler ["http-nio-8081"]
18:58:01.000 logback-spring [main] INFO  o.a.catalina.core.StandardService - Starting service [Tomcat]
18:58:01.000 logback-spring [main] INFO  o.a.catalina.core.StandardEngine - Starting Servlet engine: [Apache Tomcat/9.0.50]
18:58:01.063 logback-spring [main] INFO  o.a.c.c.C.[Tomcat].[localhost].[/] - Initializing Spring embedded WebApplicationContext
18:58:01.063 logback-spring [main] INFO  o.s.b.w.s.c.ServletWebServerApplicationContext - Root WebApplicationContext: initialization completed in 1026 ms
18:58:02.246 logback-spring [main] INFO  o.a.coyote.http11.Http11NioProtocol - Starting ProtocolHandler ["http-nio-8081"]
18:58:02.275 logback-spring [main] INFO  o.s.b.w.e.tomcat.TomcatWebServer - Tomcat started on port(s): 8081 (http) with context path ''
18:58:02.287 logback-spring [main] INFO  com.chinahitech.shop.ShopApplication - Started ShopApplication in 2.633 seconds (JVM running for 3.115)
18:58:02.290 logback-spring [main] INFO  com.chinahitech.shop.ShopApplication - 启动成功！！
18:58:48.518 logback-spring [main] INFO  com.chinahitech.shop.ShopApplication - Starting ShopApplication using Java 17.0.4.1 on minislother with PID 29256 (D:\java program\club_springboot\target\classes started by 树懒 in D:\java program\club_springboot)
18:58:48.524 logback-spring [main] INFO  com.chinahitech.shop.ShopApplication - No active profile set, falling back to default profiles: default
18:58:49.010 logback-spring [main] INFO  o.s.d.r.c.RepositoryConfigurationDelegate - Multiple Spring Data modules found, entering strict repository configuration mode!
18:58:49.012 logback-spring [main] INFO  o.s.d.r.c.RepositoryConfigurationDelegate - Bootstrapping Spring Data Redis repositories in DEFAULT mode.
18:58:49.034 logback-spring [main] INFO  o.s.d.r.c.RepositoryConfigurationDelegate - Finished Spring Data repository scanning in 12 ms. Found 0 Redis repository interfaces.
18:58:49.581 logback-spring [main] INFO  o.s.b.w.e.tomcat.TomcatWebServer - Tomcat initialized with port(s): 8081 (http)
18:58:49.587 logback-spring [main] INFO  o.a.coyote.http11.Http11NioProtocol - Initializing ProtocolHandler ["http-nio-8081"]
18:58:49.588 logback-spring [main] INFO  o.a.catalina.core.StandardService - Starting service [Tomcat]
18:58:49.588 logback-spring [main] INFO  o.a.catalina.core.StandardEngine - Starting Servlet engine: [Apache Tomcat/9.0.50]
18:58:49.657 logback-spring [main] INFO  o.a.c.c.C.[Tomcat].[localhost].[/] - Initializing Spring embedded WebApplicationContext
18:58:49.658 logback-spring [main] INFO  o.s.b.w.s.c.ServletWebServerApplicationContext - Root WebApplicationContext: initialization completed in 1097 ms
18:58:50.920 logback-spring [main] INFO  o.a.coyote.http11.Http11NioProtocol - Starting ProtocolHandler ["http-nio-8081"]
18:58:50.952 logback-spring [main] INFO  o.s.b.w.e.tomcat.TomcatWebServer - Tomcat started on port(s): 8081 (http) with context path ''
18:58:50.965 logback-spring [main] INFO  com.chinahitech.shop.ShopApplication - Started ShopApplication in 2.764 seconds (JVM running for 3.29)
18:58:50.967 logback-spring [main] INFO  com.chinahitech.shop.ShopApplication - 原神 启动！
