22:07:50.591 logback-spring [main] INFO  com.chinahitech.shop.ShopApplication - Starting ShopApplication using Java 17.0.4.1 on minislother with PID 12372 (D:\java program\club_springboot\target\classes started by 树懒 in D:\java program\club_springboot)
22:07:50.593 logback-spring [main] INFO  com.chinahitech.shop.ShopApplication - No active profile set, falling back to default profiles: default
22:07:51.094 logback-spring [main] INFO  o.s.d.r.c.RepositoryConfigurationDelegate - Multiple Spring Data modules found, entering strict repository configuration mode!
22:07:51.094 logback-spring [main] INFO  o.s.d.r.c.RepositoryConfigurationDelegate - Bootstrapping Spring Data Redis repositories in DEFAULT mode.
22:07:51.132 logback-spring [main] INFO  o.s.d.r.c.RepositoryConfigurationDelegate - Finished Spring Data repository scanning in 9 ms. Found 0 Redis repository interfaces.
22:07:51.762 logback-spring [main] INFO  o.s.b.w.e.tomcat.TomcatWebServer - Tomcat initialized with port(s): 8081 (http)
22:07:51.768 logback-spring [main] INFO  o.a.coyote.http11.Http11NioProtocol - Initializing ProtocolHandler ["http-nio-8081"]
22:07:51.770 logback-spring [main] INFO  o.a.catalina.core.StandardService - Starting service [Tomcat]
22:07:51.770 logback-spring [main] INFO  o.a.catalina.core.StandardEngine - Starting Servlet engine: [Apache Tomcat/9.0.50]
22:07:51.836 logback-spring [main] INFO  o.a.c.c.C.[Tomcat].[localhost].[/] - Initializing Spring embedded WebApplicationContext
22:07:51.836 logback-spring [main] INFO  o.s.b.w.s.c.ServletWebServerApplicationContext - Root WebApplicationContext: initialization completed in 1209 ms
22:07:53.071 logback-spring [main] INFO  o.a.coyote.http11.Http11NioProtocol - Starting ProtocolHandler ["http-nio-8081"]
22:07:53.101 logback-spring [main] INFO  o.s.b.w.e.tomcat.TomcatWebServer - Tomcat started on port(s): 8081 (http) with context path ''
22:07:53.116 logback-spring [main] INFO  com.chinahitech.shop.ShopApplication - Started ShopApplication in 2.89 seconds (JVM running for 3.451)
22:07:53.119 logback-spring [main] INFO  com.chinahitech.shop.ShopApplication - 原神 启动！
22:07:56.291 logback-spring [http-nio-8081-exec-1] INFO  o.a.c.c.C.[Tomcat].[localhost].[/] - Initializing Spring DispatcherServlet 'dispatcherServlet'
22:07:56.291 logback-spring [http-nio-8081-exec-1] INFO  o.s.web.servlet.DispatcherServlet - Initializing Servlet 'dispatcherServlet'
22:07:56.292 logback-spring [http-nio-8081-exec-1] INFO  o.s.web.servlet.DispatcherServlet - Completed initialization in 0 ms
22:07:56.317 logback-spring [http-nio-8081-exec-1] INFO  com.chinahitech.shop.aop.LogAspect - ------------- 开始 -------------
22:07:56.317 logback-spring [http-nio-8081-exec-1] INFO  com.chinahitech.shop.aop.LogAspect - 请求地址: http://localhost:8081/individualGroup/getGroupMembers POST
22:07:56.318 logback-spring [http-nio-8081-exec-1] INFO  com.chinahitech.shop.aop.LogAspect - 类名方法: com.chinahitech.shop.controller.IndividualGroupController.getGroupMembers
22:07:56.319 logback-spring [http-nio-8081-exec-1] INFO  com.chinahitech.shop.aop.LogAspect - 远程地址: 0:0:0:0:0:0:0:1
22:07:56.359 logback-spring [http-nio-8081-exec-1] INFO  com.chinahitech.shop.aop.LogAspect - 请求参数: []
22:07:56.818 logback-spring [http-nio-8081-exec-1] INFO  com.zaxxer.hikari.HikariDataSource - HikariPool-1 - Starting...
22:07:57.144 logback-spring [http-nio-8081-exec-1] INFO  com.zaxxer.hikari.HikariDataSource - HikariPool-1 - Start completed.
22:07:57.248 logback-spring [http-nio-8081-exec-1] INFO  com.chinahitech.shop.aop.LogAspect - 返回结果: {"code":20000,"data":{"items":[{"count":1,"groupId":1,"groupName":"足球社","hot":9},{"count":1,"groupId":2,"groupName":"飞盘社","hot":2},{"count":1,"groupId":3,"groupName":"文学社","hot":0},{"count":1,"groupId":4,"groupName":"说唱社","hot":0}]},"message":"成功","success":true}
22:07:57.248 logback-spring [http-nio-8081-exec-1] INFO  com.chinahitech.shop.aop.LogAspect - ------------- 结束 耗时：932 ms -------------
22:08:54.344 logback-spring [SpringApplicationShutdownHook] INFO  com.zaxxer.hikari.HikariDataSource - HikariPool-1 - Shutdown initiated...
22:08:54.394 logback-spring [SpringApplicationShutdownHook] INFO  com.zaxxer.hikari.HikariDataSource - HikariPool-1 - Shutdown completed.
22:19:39.339 logback-spring [main] INFO  com.chinahitech.shop.ShopApplication - Starting ShopApplication using Java 17.0.4.1 on minislother with PID 27912 (D:\java program\club_springboot\target\classes started by 树懒 in D:\java program\club_springboot)
22:19:39.344 logback-spring [main] INFO  com.chinahitech.shop.ShopApplication - No active profile set, falling back to default profiles: default
22:19:39.758 logback-spring [main] INFO  o.s.d.r.c.RepositoryConfigurationDelegate - Multiple Spring Data modules found, entering strict repository configuration mode!
22:19:39.760 logback-spring [main] INFO  o.s.d.r.c.RepositoryConfigurationDelegate - Bootstrapping Spring Data Redis repositories in DEFAULT mode.
22:19:39.778 logback-spring [main] INFO  o.s.d.r.c.RepositoryConfigurationDelegate - Finished Spring Data repository scanning in 8 ms. Found 0 Redis repository interfaces.
22:19:40.270 logback-spring [main] INFO  o.s.b.w.e.tomcat.TomcatWebServer - Tomcat initialized with port(s): 8081 (http)
22:19:40.276 logback-spring [main] INFO  o.a.coyote.http11.Http11NioProtocol - Initializing ProtocolHandler ["http-nio-8081"]
22:19:40.276 logback-spring [main] INFO  o.a.catalina.core.StandardService - Starting service [Tomcat]
22:19:40.277 logback-spring [main] INFO  o.a.catalina.core.StandardEngine - Starting Servlet engine: [Apache Tomcat/9.0.50]
22:19:40.338 logback-spring [main] INFO  o.a.c.c.C.[Tomcat].[localhost].[/] - Initializing Spring embedded WebApplicationContext
22:19:40.338 logback-spring [main] INFO  o.s.b.w.s.c.ServletWebServerApplicationContext - Root WebApplicationContext: initialization completed in 961 ms
22:19:41.461 logback-spring [main] INFO  o.a.coyote.http11.Http11NioProtocol - Starting ProtocolHandler ["http-nio-8081"]
22:19:41.489 logback-spring [main] INFO  o.s.b.w.e.tomcat.TomcatWebServer - Tomcat started on port(s): 8081 (http) with context path ''
22:19:41.501 logback-spring [main] INFO  com.chinahitech.shop.ShopApplication - Started ShopApplication in 2.449 seconds (JVM running for 2.886)
22:19:41.502 logback-spring [main] INFO  com.chinahitech.shop.ShopApplication - 原神 启动！
22:19:43.621 logback-spring [http-nio-8081-exec-1] INFO  o.a.c.c.C.[Tomcat].[localhost].[/] - Initializing Spring DispatcherServlet 'dispatcherServlet'
22:19:43.621 logback-spring [http-nio-8081-exec-1] INFO  o.s.web.servlet.DispatcherServlet - Initializing Servlet 'dispatcherServlet'
22:19:43.622 logback-spring [http-nio-8081-exec-1] INFO  o.s.web.servlet.DispatcherServlet - Completed initialization in 1 ms
22:19:43.640 logback-spring [http-nio-8081-exec-1] INFO  com.chinahitech.shop.aop.LogAspect - ------------- 开始 -------------
22:19:43.641 logback-spring [http-nio-8081-exec-1] INFO  com.chinahitech.shop.aop.LogAspect - 请求地址: http://localhost:8081/individualGroup/getGroupMembers POST
22:19:43.641 logback-spring [http-nio-8081-exec-1] INFO  com.chinahitech.shop.aop.LogAspect - 类名方法: com.chinahitech.shop.controller.IndividualGroupController.getGroupMembers
22:19:43.642 logback-spring [http-nio-8081-exec-1] INFO  com.chinahitech.shop.aop.LogAspect - 远程地址: 0:0:0:0:0:0:0:1
22:19:43.671 logback-spring [http-nio-8081-exec-1] INFO  com.chinahitech.shop.aop.LogAspect - 请求参数: []
22:19:44.044 logback-spring [http-nio-8081-exec-1] INFO  com.zaxxer.hikari.HikariDataSource - HikariPool-1 - Starting...
22:19:44.230 logback-spring [http-nio-8081-exec-1] INFO  com.zaxxer.hikari.HikariDataSource - HikariPool-1 - Start completed.
22:20:08.874 logback-spring [SpringApplicationShutdownHook] INFO  com.zaxxer.hikari.HikariDataSource - HikariPool-1 - Shutdown initiated...
22:20:08.874 logback-spring [SpringApplicationShutdownHook] INFO  com.zaxxer.hikari.HikariDataSource - HikariPool-1 - Shutdown completed.
22:20:43.794 logback-spring [main] INFO  com.chinahitech.shop.ShopApplication - Starting ShopApplication using Java 17.0.4.1 on minislother with PID 4860 (D:\java program\club_springboot\target\classes started by 树懒 in D:\java program\club_springboot)
22:20:43.808 logback-spring [main] INFO  com.chinahitech.shop.ShopApplication - No active profile set, falling back to default profiles: default
22:20:44.220 logback-spring [main] INFO  o.s.d.r.c.RepositoryConfigurationDelegate - Multiple Spring Data modules found, entering strict repository configuration mode!
22:20:44.222 logback-spring [main] INFO  o.s.d.r.c.RepositoryConfigurationDelegate - Bootstrapping Spring Data Redis repositories in DEFAULT mode.
22:20:44.238 logback-spring [main] INFO  o.s.d.r.c.RepositoryConfigurationDelegate - Finished Spring Data repository scanning in 8 ms. Found 0 Redis repository interfaces.
22:20:44.740 logback-spring [main] INFO  o.s.b.w.e.tomcat.TomcatWebServer - Tomcat initialized with port(s): 8081 (http)
22:20:44.746 logback-spring [main] INFO  o.a.coyote.http11.Http11NioProtocol - Initializing ProtocolHandler ["http-nio-8081"]
22:20:44.747 logback-spring [main] INFO  o.a.catalina.core.StandardService - Starting service [Tomcat]
22:20:44.747 logback-spring [main] INFO  o.a.catalina.core.StandardEngine - Starting Servlet engine: [Apache Tomcat/9.0.50]
22:20:44.807 logback-spring [main] INFO  o.a.c.c.C.[Tomcat].[localhost].[/] - Initializing Spring embedded WebApplicationContext
22:20:44.807 logback-spring [main] INFO  o.s.b.w.s.c.ServletWebServerApplicationContext - Root WebApplicationContext: initialization completed in 969 ms
22:20:45.891 logback-spring [main] INFO  o.a.coyote.http11.Http11NioProtocol - Starting ProtocolHandler ["http-nio-8081"]
22:20:45.918 logback-spring [main] INFO  o.s.b.w.e.tomcat.TomcatWebServer - Tomcat started on port(s): 8081 (http) with context path ''
22:20:45.930 logback-spring [main] INFO  com.chinahitech.shop.ShopApplication - Started ShopApplication in 2.392 seconds (JVM running for 2.805)
22:20:45.932 logback-spring [main] INFO  com.chinahitech.shop.ShopApplication - 原神 启动！
22:20:48.283 logback-spring [http-nio-8081-exec-1] INFO  o.a.c.c.C.[Tomcat].[localhost].[/] - Initializing Spring DispatcherServlet 'dispatcherServlet'
22:20:48.283 logback-spring [http-nio-8081-exec-1] INFO  o.s.web.servlet.DispatcherServlet - Initializing Servlet 'dispatcherServlet'
22:20:48.284 logback-spring [http-nio-8081-exec-1] INFO  o.s.web.servlet.DispatcherServlet - Completed initialization in 1 ms
22:20:48.305 logback-spring [http-nio-8081-exec-1] INFO  com.chinahitech.shop.aop.LogAspect - ------------- 开始 -------------
22:20:48.305 logback-spring [http-nio-8081-exec-1] INFO  com.chinahitech.shop.aop.LogAspect - 请求地址: http://localhost:8081/individualGroup/getGroupMembers POST
22:20:48.306 logback-spring [http-nio-8081-exec-1] INFO  com.chinahitech.shop.aop.LogAspect - 类名方法: com.chinahitech.shop.controller.IndividualGroupController.getGroupMembers
22:20:48.306 logback-spring [http-nio-8081-exec-1] INFO  com.chinahitech.shop.aop.LogAspect - 远程地址: 0:0:0:0:0:0:0:1
22:20:48.335 logback-spring [http-nio-8081-exec-1] INFO  com.chinahitech.shop.aop.LogAspect - 请求参数: []
22:20:48.720 logback-spring [http-nio-8081-exec-1] INFO  com.zaxxer.hikari.HikariDataSource - HikariPool-1 - Starting...
22:20:48.912 logback-spring [http-nio-8081-exec-1] INFO  com.zaxxer.hikari.HikariDataSource - HikariPool-1 - Start completed.
22:20:49.005 logback-spring [http-nio-8081-exec-1] INFO  com.chinahitech.shop.aop.LogAspect - 返回结果: {"code":20000,"data":{"items":[{"count":1,"groupId":1,"groupName":"足球社","hot":0},{"count":1,"groupId":2,"groupName":"飞盘社","hot":0},{"count":1,"groupId":3,"groupName":"文学社","hot":0},{"count":1,"groupId":4,"groupName":"说唱社","hot":0}]},"message":"成功","success":true}
22:20:49.005 logback-spring [http-nio-8081-exec-1] INFO  com.chinahitech.shop.aop.LogAspect - ------------- 结束 耗时：702 ms -------------
22:31:39.884 logback-spring [SpringApplicationShutdownHook] INFO  com.zaxxer.hikari.HikariDataSource - HikariPool-1 - Shutdown initiated...
22:31:39.944 logback-spring [SpringApplicationShutdownHook] INFO  com.zaxxer.hikari.HikariDataSource - HikariPool-1 - Shutdown completed.
